{"/Users/mrdo/Documents/be/Sequelize/src/common/constant/app.constant.js": {"path":"/Users/mrdo/Documents/be/Sequelize/src/common/constant/app.constant.js","statementMap":{"0":{"start":{"line":3,"column":28},"end":{"line":3,"column":52}},"1":{"start":{"line":5,"column":35},"end":{"line":5,"column":66}},"2":{"start":{"line":6,"column":36},"end":{"line":6,"column":68}},"3":{"start":{"line":8,"column":36},"end":{"line":8,"column":68}},"4":{"start":{"line":9,"column":37},"end":{"line":9,"column":70}},"5":{"start":{"line":11,"column":27},"end":{"line":11,"column":86}},"6":{"start":{"line":13,"column":0},"end":{"line":19,"column":2}}},"fnMap":{},"branchMap":{},"s":{"0":1,"1":1,"2":1,"3":1,"4":1,"5":1,"6":1},"f":{},"b":{},"_coverageSchema":"1a1c01bbd47fc00a2c39e90264f33305004495a9","hash":"909fa2503b706bf017afb52f949193ae81a5d694"}
,"/Users/mrdo/Documents/be/Sequelize/src/common/prisma/init.prisma.js": {"path":"/Users/mrdo/Documents/be/Sequelize/src/common/prisma/init.prisma.js","statementMap":{"0":{"start":{"line":3,"column":15},"end":{"line":3,"column":33}}},"fnMap":{},"branchMap":{},"s":{"0":1},"f":{},"b":{},"_coverageSchema":"1a1c01bbd47fc00a2c39e90264f33305004495a9","hash":"e2ec3d81c3d10a129fad8bfb1b0a1c89db684ae1"}
,"/Users/mrdo/Documents/be/Sequelize/src/services/auth.service.js": {"path":"/Users/mrdo/Documents/be/Sequelize/src/services/auth.service.js","statementMap":{"0":{"start":{"line":8,"column":20},"end":{"line":164,"column":1}},"1":{"start":{"line":11,"column":48},"end":{"line":11,"column":56}},"2":{"start":{"line":12,"column":27},"end":{"line":16,"column":10}},"3":{"start":{"line":19,"column":8},"end":{"line":21,"column":9}},"4":{"start":{"line":20,"column":12},"end":{"line":20,"column":66}},"5":{"start":{"line":23,"column":25},"end":{"line":23,"column":55}},"6":{"start":{"line":25,"column":24},"end":{"line":31,"column":10}},"7":{"start":{"line":33,"column":8},"end":{"line":33,"column":33}},"8":{"start":{"line":36,"column":8},"end":{"line":38,"column":10}},"9":{"start":{"line":37,"column":12},"end":{"line":37,"column":46}},"10":{"start":{"line":43,"column":8},"end":{"line":43,"column":23}},"11":{"start":{"line":47,"column":37},"end":{"line":47,"column":45}},"12":{"start":{"line":49,"column":27},"end":{"line":53,"column":10}},"13":{"start":{"line":55,"column":8},"end":{"line":57,"column":9}},"14":{"start":{"line":56,"column":12},"end":{"line":56,"column":67}},"15":{"start":{"line":59,"column":8},"end":{"line":67,"column":9}},"16":{"start":{"line":60,"column":12},"end":{"line":62,"column":13}},"17":{"start":{"line":61,"column":16},"end":{"line":61,"column":102}},"18":{"start":{"line":63,"column":12},"end":{"line":65,"column":13}},"19":{"start":{"line":64,"column":16},"end":{"line":64,"column":100}},"20":{"start":{"line":66,"column":12},"end":{"line":66,"column":96}},"21":{"start":{"line":69,"column":27},"end":{"line":69,"column":78}},"22":{"start":{"line":71,"column":8},"end":{"line":73,"column":9}},"23":{"start":{"line":72,"column":12},"end":{"line":72,"column":69}},"24":{"start":{"line":76,"column":23},"end":{"line":76,"column":67}},"25":{"start":{"line":79,"column":8},"end":{"line":79,"column":21}},"26":{"start":{"line":82,"column":8},"end":{"line":82,"column":30}},"27":{"start":{"line":83,"column":45},"end":{"line":83,"column":53}},"28":{"start":{"line":84,"column":23},"end":{"line":84,"column":39}},"29":{"start":{"line":86,"column":25},"end":{"line":90,"column":10}},"30":{"start":{"line":92,"column":8},"end":{"line":101,"column":9}},"31":{"start":{"line":93,"column":12},"end":{"line":100,"column":14}},"32":{"start":{"line":103,"column":23},"end":{"line":103,"column":67}},"33":{"start":{"line":105,"column":8},"end":{"line":105,"column":21}},"34":{"start":{"line":109,"column":29},"end":{"line":109,"column":69}},"35":{"start":{"line":110,"column":8},"end":{"line":112,"column":9}},"36":{"start":{"line":111,"column":12},"end":{"line":111,"column":82}},"37":{"start":{"line":114,"column":28},"end":{"line":114,"column":57}},"38":{"start":{"line":115,"column":8},"end":{"line":117,"column":9}},"39":{"start":{"line":116,"column":12},"end":{"line":116,"column":82}},"40":{"start":{"line":119,"column":35},"end":{"line":119,"column":81}},"41":{"start":{"line":120,"column":34},"end":{"line":120,"column":104}},"42":{"start":{"line":124,"column":8},"end":{"line":126,"column":9}},"43":{"start":{"line":125,"column":12},"end":{"line":125,"column":75}},"44":{"start":{"line":128,"column":27},"end":{"line":132,"column":10}},"45":{"start":{"line":134,"column":8},"end":{"line":134,"column":81}},"46":{"start":{"line":134,"column":24},"end":{"line":134,"column":81}},"47":{"start":{"line":136,"column":23},"end":{"line":136,"column":67}},"48":{"start":{"line":138,"column":8},"end":{"line":138,"column":22}},"49":{"start":{"line":147,"column":8},"end":{"line":147,"column":80}},"50":{"start":{"line":147,"column":21},"end":{"line":147,"column":80}},"51":{"start":{"line":148,"column":28},"end":{"line":148,"column":114}},"52":{"start":{"line":150,"column":29},"end":{"line":150,"column":117}},"53":{"start":{"line":152,"column":8},"end":{"line":155,"column":9}}},"fnMap":{"0":{"name":"(anonymous_0)","decl":{"start":{"line":10,"column":14},"end":{"line":10,"column":15}},"loc":{"start":{"line":10,"column":29},"end":{"line":44,"column":5}},"line":10},"1":{"name":"(anonymous_1)","decl":{"start":{"line":36,"column":31},"end":{"line":36,"column":32}},"loc":{"start":{"line":36,"column":40},"end":{"line":38,"column":9}},"line":36},"2":{"name":"(anonymous_2)","decl":{"start":{"line":45,"column":11},"end":{"line":45,"column":12}},"loc":{"start":{"line":45,"column":26},"end":{"line":80,"column":5}},"line":45},"3":{"name":"(anonymous_3)","decl":{"start":{"line":81,"column":19},"end":{"line":81,"column":20}},"loc":{"start":{"line":81,"column":34},"end":{"line":106,"column":5}},"line":81},"4":{"name":"(anonymous_4)","decl":{"start":{"line":108,"column":18},"end":{"line":108,"column":19}},"loc":{"start":{"line":108,"column":33},"end":{"line":139,"column":5}},"line":108},"5":{"name":"(anonymous_5)","decl":{"start":{"line":146,"column":18},"end":{"line":146,"column":19}},"loc":{"start":{"line":146,"column":30},"end":{"line":156,"column":5}},"line":146}},"branchMap":{"0":{"loc":{"start":{"line":19,"column":8},"end":{"line":21,"column":9}},"type":"if","locations":[{"start":{"line":19,"column":8},"end":{"line":21,"column":9}},{"start":{},"end":{}}],"line":19},"1":{"loc":{"start":{"line":55,"column":8},"end":{"line":57,"column":9}},"type":"if","locations":[{"start":{"line":55,"column":8},"end":{"line":57,"column":9}},{"start":{},"end":{}}],"line":55},"2":{"loc":{"start":{"line":59,"column":8},"end":{"line":67,"column":9}},"type":"if","locations":[{"start":{"line":59,"column":8},"end":{"line":67,"column":9}},{"start":{},"end":{}}],"line":59},"3":{"loc":{"start":{"line":60,"column":12},"end":{"line":62,"column":13}},"type":"if","locations":[{"start":{"line":60,"column":12},"end":{"line":62,"column":13}},{"start":{},"end":{}}],"line":60},"4":{"loc":{"start":{"line":63,"column":12},"end":{"line":65,"column":13}},"type":"if","locations":[{"start":{"line":63,"column":12},"end":{"line":65,"column":13}},{"start":{},"end":{}}],"line":63},"5":{"loc":{"start":{"line":71,"column":8},"end":{"line":73,"column":9}},"type":"if","locations":[{"start":{"line":71,"column":8},"end":{"line":73,"column":9}},{"start":{},"end":{}}],"line":71},"6":{"loc":{"start":{"line":92,"column":8},"end":{"line":101,"column":9}},"type":"if","locations":[{"start":{"line":92,"column":8},"end":{"line":101,"column":9}},{"start":{},"end":{}}],"line":92},"7":{"loc":{"start":{"line":110,"column":8},"end":{"line":112,"column":9}},"type":"if","locations":[{"start":{"line":110,"column":8},"end":{"line":112,"column":9}},{"start":{},"end":{}}],"line":110},"8":{"loc":{"start":{"line":115,"column":8},"end":{"line":117,"column":9}},"type":"if","locations":[{"start":{"line":115,"column":8},"end":{"line":117,"column":9}},{"start":{},"end":{}}],"line":115},"9":{"loc":{"start":{"line":124,"column":8},"end":{"line":126,"column":9}},"type":"if","locations":[{"start":{"line":124,"column":8},"end":{"line":126,"column":9}},{"start":{},"end":{}}],"line":124},"10":{"loc":{"start":{"line":134,"column":8},"end":{"line":134,"column":81}},"type":"if","locations":[{"start":{"line":134,"column":8},"end":{"line":134,"column":81}},{"start":{},"end":{}}],"line":134},"11":{"loc":{"start":{"line":147,"column":8},"end":{"line":147,"column":80}},"type":"if","locations":[{"start":{"line":147,"column":8},"end":{"line":147,"column":80}},{"start":{},"end":{}}],"line":147}},"s":{"0":1,"1":1,"2":1,"3":1,"4":0,"5":1,"6":1,"7":1,"8":1,"9":0,"10":1,"11":0,"12":0,"13":0,"14":0,"15":0,"16":0,"17":0,"18":0,"19":0,"20":0,"21":0,"22":0,"23":0,"24":0,"25":0,"26":0,"27":0,"28":0,"29":0,"30":0,"31":0,"32":0,"33":0,"34":0,"35":0,"36":0,"37":0,"38":0,"39":0,"40":0,"41":0,"42":0,"43":0,"44":0,"45":0,"46":0,"47":0,"48":0,"49":0,"50":0,"51":0,"52":0,"53":0},"f":{"0":1,"1":0,"2":0,"3":0,"4":0,"5":0},"b":{"0":[0,1],"1":[0,0],"2":[0,0],"3":[0,0],"4":[0,0],"5":[0,0],"6":[0,0],"7":[0,0],"8":[0,0],"9":[0,0],"10":[0,0],"11":[0,0]},"_coverageSchema":"1a1c01bbd47fc00a2c39e90264f33305004495a9","hash":"c8818a6a358f458451eb96ee004488d1e640369e"}
}
